{"message":"Something happened","stack":"Error: Something happened\n    at router.get (C:\\Users\\USER\\Documents\\Node-Camps-API\\routes\\roles.js:6:9)\n    at newFn (C:\\Users\\USER\\Documents\\Node-Camps-API\\node_modules\\express-async-errors\\index.js:16:20)\n    at Layer.handle [as handle_request] (C:\\Users\\USER\\Documents\\Node-Camps-API\\node_modules\\express\\lib\\router\\layer.js:95:5)\n    at next (C:\\Users\\USER\\Documents\\Node-Camps-API\\node_modules\\express\\lib\\router\\route.js:137:13)\n    at Route.dispatch (C:\\Users\\USER\\Documents\\Node-Camps-API\\node_modules\\express\\lib\\router\\route.js:112:3)\n    at newFn (C:\\Users\\USER\\Documents\\Node-Camps-API\\node_modules\\express-async-errors\\index.js:16:20)\n    at Layer.handle [as handle_request] (C:\\Users\\USER\\Documents\\Node-Camps-API\\node_modules\\express\\lib\\router\\layer.js:95:5)\n    at C:\\Users\\USER\\Documents\\Node-Camps-API\\node_modules\\express\\lib\\router\\index.js:281:22\n    at Function.process_params (C:\\Users\\USER\\Documents\\Node-Camps-API\\node_modules\\express\\lib\\router\\index.js:335:12)\n    at next (C:\\Users\\USER\\Documents\\Node-Camps-API\\node_modules\\express\\lib\\router\\index.js:275:10)\n    at Function.handle (C:\\Users\\USER\\Documents\\Node-Camps-API\\node_modules\\express\\lib\\router\\index.js:174:3)\n    at router (C:\\Users\\USER\\Documents\\Node-Camps-API\\node_modules\\express\\lib\\router\\index.js:47:12)\n    at newFn (C:\\Users\\USER\\Documents\\Node-Camps-API\\node_modules\\express-async-errors\\index.js:16:20)\n    at Layer.handle [as handle_request] (C:\\Users\\USER\\Documents\\Node-Camps-API\\node_modules\\express\\lib\\router\\layer.js:95:5)\n    at trim_prefix (C:\\Users\\USER\\Documents\\Node-Camps-API\\node_modules\\express\\lib\\router\\index.js:317:13)\n    at C:\\Users\\USER\\Documents\\Node-Camps-API\\node_modules\\express\\lib\\router\\index.js:284:7","level":"error","timestamp":"2019-08-21T21:11:36.097Z"}
{"message":"Something failed in startup","stack":"Error: Something failed in startup\n    at Object.<anonymous> (C:\\Users\\USER\\Documents\\Node-Camps-API\\index.js:28:7)\n    at Module._compile (internal/modules/cjs/loader.js:689:30)\n    at Object.Module._extensions..js (internal/modules/cjs/loader.js:700:10)\n    at Module.load (internal/modules/cjs/loader.js:599:32)\n    at tryModuleLoad (internal/modules/cjs/loader.js:538:12)\n    at Function.Module._load (internal/modules/cjs/loader.js:530:3)\n    at Function.Module.runMain (internal/modules/cjs/loader.js:742:12)\n    at startup (internal/bootstrap/node.js:282:19)\n    at bootstrapNodeJSCore (internal/bootstrap/node.js:743:3)","level":"error","timestamp":"2019-08-26T18:22:44.709Z"}
{"message":"Something failed miserably","stack":"Error: Something failed miserably\n    at Object.<anonymous> (C:\\Users\\USER\\Documents\\Node-Camps-API\\index.js:33:26)\n    at Module._compile (internal/modules/cjs/loader.js:689:30)\n    at Object.Module._extensions..js (internal/modules/cjs/loader.js:700:10)\n    at Module.load (internal/modules/cjs/loader.js:599:32)\n    at tryModuleLoad (internal/modules/cjs/loader.js:538:12)\n    at Function.Module._load (internal/modules/cjs/loader.js:530:3)\n    at Function.Module.runMain (internal/modules/cjs/loader.js:742:12)\n    at startup (internal/bootstrap/node.js:282:19)\n    at bootstrapNodeJSCore (internal/bootstrap/node.js:743:3)","level":"error","timestamp":"2019-08-26T18:32:51.063Z"}
{"level":"info","message":"connected to mongoDB","timestamp":"2019-08-26T19:10:29.566Z"}
{"level":"info","message":"connected to mongoDB","timestamp":"2019-08-26T19:18:12.502Z"}
{"level":"info","message":"connected to mongoDB","timestamp":"2019-08-26T19:22:47.511Z"}
{"level":"info","message":"listening on port 5000","timestamp":"2019-08-26T19:26:26.470Z"}
{"level":"info","message":"connected to mongoDB","timestamp":"2019-08-26T19:26:27.557Z"}
{"level":"info","message":"listening on port 5000","timestamp":"2019-08-26T19:29:00.989Z"}
{"level":"info","message":"connected to mongoDB","timestamp":"2019-08-26T19:29:02.075Z"}
{"level":"info","message":"listening on port 5000","timestamp":"2019-08-30T20:00:38.322Z"}
{"level":"info","message":"connected to  mongodb://localhost/camps","timestamp":"2019-08-30T20:00:39.411Z"}
{"level":"info","message":"listening on port 5000","timestamp":"2019-08-30T20:07:13.983Z"}
{"level":"info","message":"connected to  mongodb://localhost/camps","timestamp":"2019-08-30T20:07:15.071Z"}
{"level":"info","message":"listening on port 5000","timestamp":"2019-08-30T20:09:30.738Z"}
{"level":"info","message":"connected to  mongodb://localhost/camps_tests","timestamp":"2019-08-30T20:09:31.827Z"}
{"level":"info","message":"listening on port 5000","timestamp":"2019-09-02T18:49:25.493Z"}
{"level":"info","message":"connected to  mongodb://localhost/camps_tests","timestamp":"2019-09-02T18:49:27.430Z"}
{"level":"info","message":"listening on port 5000","timestamp":"2019-09-02T20:44:59.554Z"}
{"level":"info","message":"connected to  mongodb://localhost/camps_tests","timestamp":"2019-09-02T20:45:00.677Z"}
{"level":"info","message":"listening on port 5000","timestamp":"2019-09-02T22:01:27.486Z"}
{"level":"info","message":"connected to  mongodb://localhost/camps_tests","timestamp":"2019-09-02T22:01:28.643Z"}
{"level":"info","message":"listening on port 5000","timestamp":"2019-09-02T22:02:37.091Z"}
{"level":"info","message":"connected to  mongodb://localhost/camps_tests","timestamp":"2019-09-02T22:02:38.172Z"}
{"level":"info","message":"listening on port 5000","timestamp":"2019-09-02T22:07:40.950Z"}
{"level":"info","message":"connected to  mongodb://localhost/camps_tests","timestamp":"2019-09-02T22:07:42.025Z"}
{"level":"info","message":"listening on port 5000","timestamp":"2019-09-02T22:08:42.411Z"}
{"level":"info","message":"connected to  mongodb://localhost/camps_tests","timestamp":"2019-09-02T22:08:43.474Z"}
{"level":"info","message":"listening on port 5000","timestamp":"2019-09-02T22:09:22.056Z"}
{"level":"info","message":"connected to  mongodb://localhost/camps_tests","timestamp":"2019-09-02T22:09:23.103Z"}
{"level":"info","message":"listening on port 5000","timestamp":"2019-09-02T22:25:00.651Z"}
{"level":"info","message":"connected to  mongodb://localhost/camps_tests","timestamp":"2019-09-02T22:25:01.697Z"}
{"level":"info","message":"listening on port 5000","timestamp":"2019-09-02T22:26:13.546Z"}
{"level":"info","message":"connected to  mongodb://localhost/camps_tests","timestamp":"2019-09-02T22:26:14.638Z"}
{"level":"info","message":"listening on port 5000","timestamp":"2019-09-02T22:35:09.131Z"}
{"level":"info","message":"connected to  mongodb://localhost/camps_tests","timestamp":"2019-09-02T22:35:10.180Z"}
{"message":"mongoose is not defined","stack":"ReferenceError: mongoose is not defined\n    at Object.<anonymous>.router.get (C:\\Users\\USER\\Documents\\Node-Camps-API\\routes\\speakers.js:12:3)\n    at newFn (C:\\Users\\USER\\Documents\\Node-Camps-API\\node_modules\\express-async-errors\\index.js:16:20)\n    at Layer.handle [as handle_request] (C:\\Users\\USER\\Documents\\Node-Camps-API\\node_modules\\express\\lib\\router\\layer.js:95:5)\n    at next (C:\\Users\\USER\\Documents\\Node-Camps-API\\node_modules\\express\\lib\\router\\route.js:137:13)\n    at Route.dispatch (C:\\Users\\USER\\Documents\\Node-Camps-API\\node_modules\\express\\lib\\router\\route.js:112:3)\n    at newFn (C:\\Users\\USER\\Documents\\Node-Camps-API\\node_modules\\express-async-errors\\index.js:16:20)\n    at Layer.handle [as handle_request] (C:\\Users\\USER\\Documents\\Node-Camps-API\\node_modules\\express\\lib\\router\\layer.js:95:5)\n    at C:\\Users\\USER\\Documents\\Node-Camps-API\\node_modules\\express\\lib\\router\\index.js:281:22\n    at param (C:\\Users\\USER\\Documents\\Node-Camps-API\\node_modules\\express\\lib\\router\\index.js:354:14)\n    at param (C:\\Users\\USER\\Documents\\Node-Camps-API\\node_modules\\express\\lib\\router\\index.js:365:14)\n    at Function.process_params (C:\\Users\\USER\\Documents\\Node-Camps-API\\node_modules\\express\\lib\\router\\index.js:410:3)\n    at next (C:\\Users\\USER\\Documents\\Node-Camps-API\\node_modules\\express\\lib\\router\\index.js:275:10)\n    at Function.handle (C:\\Users\\USER\\Documents\\Node-Camps-API\\node_modules\\express\\lib\\router\\index.js:174:3)\n    at router (C:\\Users\\USER\\Documents\\Node-Camps-API\\node_modules\\express\\lib\\router\\index.js:47:12)\n    at newFn (C:\\Users\\USER\\Documents\\Node-Camps-API\\node_modules\\express-async-errors\\index.js:16:20)\n    at Layer.handle [as handle_request] (C:\\Users\\USER\\Documents\\Node-Camps-API\\node_modules\\express\\lib\\router\\layer.js:95:5)\n    at trim_prefix (C:\\Users\\USER\\Documents\\Node-Camps-API\\node_modules\\express\\lib\\router\\index.js:317:13)\n    at C:\\Users\\USER\\Documents\\Node-Camps-API\\node_modules\\express\\lib\\router\\index.js:284:7\n    at Function.process_params (C:\\Users\\USER\\Documents\\Node-Camps-API\\node_modules\\express\\lib\\router\\index.js:335:12)\n    at next (C:\\Users\\USER\\Documents\\Node-Camps-API\\node_modules\\express\\lib\\router\\index.js:275:10)\n    at jsonParser (C:\\Users\\USER\\Documents\\Node-Camps-API\\node_modules\\body-parser\\lib\\types\\json.js:110:7)\n    at newFn (C:\\Users\\USER\\Documents\\Node-Camps-API\\node_modules\\express-async-errors\\index.js:16:20)\n    at Layer.handle [as handle_request] (C:\\Users\\USER\\Documents\\Node-Camps-API\\node_modules\\express\\lib\\router\\layer.js:95:5)\n    at trim_prefix (C:\\Users\\USER\\Documents\\Node-Camps-API\\node_modules\\express\\lib\\router\\index.js:317:13)\n    at C:\\Users\\USER\\Documents\\Node-Camps-API\\node_modules\\express\\lib\\router\\index.js:284:7\n    at Function.process_params (C:\\Users\\USER\\Documents\\Node-Camps-API\\node_modules\\express\\lib\\router\\index.js:335:12)\n    at next (C:\\Users\\USER\\Documents\\Node-Camps-API\\node_modules\\express\\lib\\router\\index.js:275:10)\n    at expressInit (C:\\Users\\USER\\Documents\\Node-Camps-API\\node_modules\\express\\lib\\middleware\\init.js:40:5)\n    at newFn (C:\\Users\\USER\\Documents\\Node-Camps-API\\node_modules\\express-async-errors\\index.js:16:20)\n    at Layer.handle [as handle_request] (C:\\Users\\USER\\Documents\\Node-Camps-API\\node_modules\\express\\lib\\router\\layer.js:95:5)\n    at trim_prefix (C:\\Users\\USER\\Documents\\Node-Camps-API\\node_modules\\express\\lib\\router\\index.js:317:13)\n    at C:\\Users\\USER\\Documents\\Node-Camps-API\\node_modules\\express\\lib\\router\\index.js:284:7\n    at Function.process_params (C:\\Users\\USER\\Documents\\Node-Camps-API\\node_modules\\express\\lib\\router\\index.js:335:12)\n    at next (C:\\Users\\USER\\Documents\\Node-Camps-API\\node_modules\\express\\lib\\router\\index.js:275:10)\n    at query (C:\\Users\\USER\\Documents\\Node-Camps-API\\node_modules\\express\\lib\\middleware\\query.js:45:5)\n    at newFn (C:\\Users\\USER\\Documents\\Node-Camps-API\\node_modules\\express-async-errors\\index.js:16:20)\n    at Layer.handle [as handle_request] (C:\\Users\\USER\\Documents\\Node-Camps-API\\node_modules\\express\\lib\\router\\layer.js:95:5)\n    at trim_prefix (C:\\Users\\USER\\Documents\\Node-Camps-API\\node_modules\\express\\lib\\router\\index.js:317:13)\n    at C:\\Users\\USER\\Documents\\Node-Camps-API\\node_modules\\express\\lib\\router\\index.js:284:7\n    at Function.process_params (C:\\Users\\USER\\Documents\\Node-Camps-API\\node_modules\\express\\lib\\router\\index.js:335:12)\n    at next (C:\\Users\\USER\\Documents\\Node-Camps-API\\node_modules\\express\\lib\\router\\index.js:275:10)\n    at Function.handle (C:\\Users\\USER\\Documents\\Node-Camps-API\\node_modules\\express\\lib\\router\\index.js:174:3)\n    at Function.handle (C:\\Users\\USER\\Documents\\Node-Camps-API\\node_modules\\express\\lib\\application.js:174:10)\n    at Server.app (C:\\Users\\USER\\Documents\\Node-Camps-API\\node_modules\\express\\lib\\express.js:39:9)\n    at Server.emit (events.js:182:13)\n    at parserOnIncoming (_http_server.js:672:12)\n    at HTTPParser.parserOnHeadersComplete (_http_common.js:109:17)","level":"error","timestamp":"2019-09-02T22:35:12.320Z"}
{"level":"info","message":"listening on port 5000","timestamp":"2019-09-02T22:36:14.851Z"}
{"level":"info","message":"connected to  mongodb://localhost/camps_tests","timestamp":"2019-09-02T22:36:15.908Z"}
{"message":"mongoose is not defined","stack":"ReferenceError: mongoose is not defined\n    at Object.<anonymous>.router.get (C:\\Users\\USER\\Documents\\Node-Camps-API\\routes\\speakers.js:12:3)\n    at newFn (C:\\Users\\USER\\Documents\\Node-Camps-API\\node_modules\\express-async-errors\\index.js:16:20)\n    at Layer.handle [as handle_request] (C:\\Users\\USER\\Documents\\Node-Camps-API\\node_modules\\express\\lib\\router\\layer.js:95:5)\n    at next (C:\\Users\\USER\\Documents\\Node-Camps-API\\node_modules\\express\\lib\\router\\route.js:137:13)\n    at Route.dispatch (C:\\Users\\USER\\Documents\\Node-Camps-API\\node_modules\\express\\lib\\router\\route.js:112:3)\n    at newFn (C:\\Users\\USER\\Documents\\Node-Camps-API\\node_modules\\express-async-errors\\index.js:16:20)\n    at Layer.handle [as handle_request] (C:\\Users\\USER\\Documents\\Node-Camps-API\\node_modules\\express\\lib\\router\\layer.js:95:5)\n    at C:\\Users\\USER\\Documents\\Node-Camps-API\\node_modules\\express\\lib\\router\\index.js:281:22\n    at param (C:\\Users\\USER\\Documents\\Node-Camps-API\\node_modules\\express\\lib\\router\\index.js:354:14)\n    at param (C:\\Users\\USER\\Documents\\Node-Camps-API\\node_modules\\express\\lib\\router\\index.js:365:14)\n    at Function.process_params (C:\\Users\\USER\\Documents\\Node-Camps-API\\node_modules\\express\\lib\\router\\index.js:410:3)\n    at next (C:\\Users\\USER\\Documents\\Node-Camps-API\\node_modules\\express\\lib\\router\\index.js:275:10)\n    at Function.handle (C:\\Users\\USER\\Documents\\Node-Camps-API\\node_modules\\express\\lib\\router\\index.js:174:3)\n    at router (C:\\Users\\USER\\Documents\\Node-Camps-API\\node_modules\\express\\lib\\router\\index.js:47:12)\n    at newFn (C:\\Users\\USER\\Documents\\Node-Camps-API\\node_modules\\express-async-errors\\index.js:16:20)\n    at Layer.handle [as handle_request] (C:\\Users\\USER\\Documents\\Node-Camps-API\\node_modules\\express\\lib\\router\\layer.js:95:5)\n    at trim_prefix (C:\\Users\\USER\\Documents\\Node-Camps-API\\node_modules\\express\\lib\\router\\index.js:317:13)\n    at C:\\Users\\USER\\Documents\\Node-Camps-API\\node_modules\\express\\lib\\router\\index.js:284:7\n    at Function.process_params (C:\\Users\\USER\\Documents\\Node-Camps-API\\node_modules\\express\\lib\\router\\index.js:335:12)\n    at next (C:\\Users\\USER\\Documents\\Node-Camps-API\\node_modules\\express\\lib\\router\\index.js:275:10)\n    at jsonParser (C:\\Users\\USER\\Documents\\Node-Camps-API\\node_modules\\body-parser\\lib\\types\\json.js:110:7)\n    at newFn (C:\\Users\\USER\\Documents\\Node-Camps-API\\node_modules\\express-async-errors\\index.js:16:20)\n    at Layer.handle [as handle_request] (C:\\Users\\USER\\Documents\\Node-Camps-API\\node_modules\\express\\lib\\router\\layer.js:95:5)\n    at trim_prefix (C:\\Users\\USER\\Documents\\Node-Camps-API\\node_modules\\express\\lib\\router\\index.js:317:13)\n    at C:\\Users\\USER\\Documents\\Node-Camps-API\\node_modules\\express\\lib\\router\\index.js:284:7\n    at Function.process_params (C:\\Users\\USER\\Documents\\Node-Camps-API\\node_modules\\express\\lib\\router\\index.js:335:12)\n    at next (C:\\Users\\USER\\Documents\\Node-Camps-API\\node_modules\\express\\lib\\router\\index.js:275:10)\n    at expressInit (C:\\Users\\USER\\Documents\\Node-Camps-API\\node_modules\\express\\lib\\middleware\\init.js:40:5)\n    at newFn (C:\\Users\\USER\\Documents\\Node-Camps-API\\node_modules\\express-async-errors\\index.js:16:20)\n    at Layer.handle [as handle_request] (C:\\Users\\USER\\Documents\\Node-Camps-API\\node_modules\\express\\lib\\router\\layer.js:95:5)\n    at trim_prefix (C:\\Users\\USER\\Documents\\Node-Camps-API\\node_modules\\express\\lib\\router\\index.js:317:13)\n    at C:\\Users\\USER\\Documents\\Node-Camps-API\\node_modules\\express\\lib\\router\\index.js:284:7\n    at Function.process_params (C:\\Users\\USER\\Documents\\Node-Camps-API\\node_modules\\express\\lib\\router\\index.js:335:12)\n    at next (C:\\Users\\USER\\Documents\\Node-Camps-API\\node_modules\\express\\lib\\router\\index.js:275:10)\n    at query (C:\\Users\\USER\\Documents\\Node-Camps-API\\node_modules\\express\\lib\\middleware\\query.js:45:5)\n    at newFn (C:\\Users\\USER\\Documents\\Node-Camps-API\\node_modules\\express-async-errors\\index.js:16:20)\n    at Layer.handle [as handle_request] (C:\\Users\\USER\\Documents\\Node-Camps-API\\node_modules\\express\\lib\\router\\layer.js:95:5)\n    at trim_prefix (C:\\Users\\USER\\Documents\\Node-Camps-API\\node_modules\\express\\lib\\router\\index.js:317:13)\n    at C:\\Users\\USER\\Documents\\Node-Camps-API\\node_modules\\express\\lib\\router\\index.js:284:7\n    at Function.process_params (C:\\Users\\USER\\Documents\\Node-Camps-API\\node_modules\\express\\lib\\router\\index.js:335:12)\n    at next (C:\\Users\\USER\\Documents\\Node-Camps-API\\node_modules\\express\\lib\\router\\index.js:275:10)\n    at Function.handle (C:\\Users\\USER\\Documents\\Node-Camps-API\\node_modules\\express\\lib\\router\\index.js:174:3)\n    at Function.handle (C:\\Users\\USER\\Documents\\Node-Camps-API\\node_modules\\express\\lib\\application.js:174:10)\n    at Server.app (C:\\Users\\USER\\Documents\\Node-Camps-API\\node_modules\\express\\lib\\express.js:39:9)\n    at Server.emit (events.js:182:13)\n    at parserOnIncoming (_http_server.js:672:12)\n    at HTTPParser.parserOnHeadersComplete (_http_common.js:109:17)","level":"error","timestamp":"2019-09-02T22:36:18.589Z"}
{"message":"mongoose is not defined","stack":"ReferenceError: mongoose is not defined\n    at Object.<anonymous>.router.get (C:\\Users\\USER\\Documents\\Node-Camps-API\\routes\\speakers.js:12:3)\n    at newFn (C:\\Users\\USER\\Documents\\Node-Camps-API\\node_modules\\express-async-errors\\index.js:16:20)\n    at Layer.handle [as handle_request] (C:\\Users\\USER\\Documents\\Node-Camps-API\\node_modules\\express\\lib\\router\\layer.js:95:5)\n    at next (C:\\Users\\USER\\Documents\\Node-Camps-API\\node_modules\\express\\lib\\router\\route.js:137:13)\n    at Route.dispatch (C:\\Users\\USER\\Documents\\Node-Camps-API\\node_modules\\express\\lib\\router\\route.js:112:3)\n    at newFn (C:\\Users\\USER\\Documents\\Node-Camps-API\\node_modules\\express-async-errors\\index.js:16:20)\n    at Layer.handle [as handle_request] (C:\\Users\\USER\\Documents\\Node-Camps-API\\node_modules\\express\\lib\\router\\layer.js:95:5)\n    at C:\\Users\\USER\\Documents\\Node-Camps-API\\node_modules\\express\\lib\\router\\index.js:281:22\n    at param (C:\\Users\\USER\\Documents\\Node-Camps-API\\node_modules\\express\\lib\\router\\index.js:354:14)\n    at param (C:\\Users\\USER\\Documents\\Node-Camps-API\\node_modules\\express\\lib\\router\\index.js:365:14)\n    at Function.process_params (C:\\Users\\USER\\Documents\\Node-Camps-API\\node_modules\\express\\lib\\router\\index.js:410:3)\n    at next (C:\\Users\\USER\\Documents\\Node-Camps-API\\node_modules\\express\\lib\\router\\index.js:275:10)\n    at Function.handle (C:\\Users\\USER\\Documents\\Node-Camps-API\\node_modules\\express\\lib\\router\\index.js:174:3)\n    at router (C:\\Users\\USER\\Documents\\Node-Camps-API\\node_modules\\express\\lib\\router\\index.js:47:12)\n    at newFn (C:\\Users\\USER\\Documents\\Node-Camps-API\\node_modules\\express-async-errors\\index.js:16:20)\n    at Layer.handle [as handle_request] (C:\\Users\\USER\\Documents\\Node-Camps-API\\node_modules\\express\\lib\\router\\layer.js:95:5)\n    at trim_prefix (C:\\Users\\USER\\Documents\\Node-Camps-API\\node_modules\\express\\lib\\router\\index.js:317:13)\n    at C:\\Users\\USER\\Documents\\Node-Camps-API\\node_modules\\express\\lib\\router\\index.js:284:7\n    at Function.process_params (C:\\Users\\USER\\Documents\\Node-Camps-API\\node_modules\\express\\lib\\router\\index.js:335:12)\n    at next (C:\\Users\\USER\\Documents\\Node-Camps-API\\node_modules\\express\\lib\\router\\index.js:275:10)\n    at jsonParser (C:\\Users\\USER\\Documents\\Node-Camps-API\\node_modules\\body-parser\\lib\\types\\json.js:110:7)\n    at newFn (C:\\Users\\USER\\Documents\\Node-Camps-API\\node_modules\\express-async-errors\\index.js:16:20)\n    at Layer.handle [as handle_request] (C:\\Users\\USER\\Documents\\Node-Camps-API\\node_modules\\express\\lib\\router\\layer.js:95:5)\n    at trim_prefix (C:\\Users\\USER\\Documents\\Node-Camps-API\\node_modules\\express\\lib\\router\\index.js:317:13)\n    at C:\\Users\\USER\\Documents\\Node-Camps-API\\node_modules\\express\\lib\\router\\index.js:284:7\n    at Function.process_params (C:\\Users\\USER\\Documents\\Node-Camps-API\\node_modules\\express\\lib\\router\\index.js:335:12)\n    at next (C:\\Users\\USER\\Documents\\Node-Camps-API\\node_modules\\express\\lib\\router\\index.js:275:10)\n    at expressInit (C:\\Users\\USER\\Documents\\Node-Camps-API\\node_modules\\express\\lib\\middleware\\init.js:40:5)\n    at newFn (C:\\Users\\USER\\Documents\\Node-Camps-API\\node_modules\\express-async-errors\\index.js:16:20)\n    at Layer.handle [as handle_request] (C:\\Users\\USER\\Documents\\Node-Camps-API\\node_modules\\express\\lib\\router\\layer.js:95:5)\n    at trim_prefix (C:\\Users\\USER\\Documents\\Node-Camps-API\\node_modules\\express\\lib\\router\\index.js:317:13)\n    at C:\\Users\\USER\\Documents\\Node-Camps-API\\node_modules\\express\\lib\\router\\index.js:284:7\n    at Function.process_params (C:\\Users\\USER\\Documents\\Node-Camps-API\\node_modules\\express\\lib\\router\\index.js:335:12)\n    at next (C:\\Users\\USER\\Documents\\Node-Camps-API\\node_modules\\express\\lib\\router\\index.js:275:10)\n    at query (C:\\Users\\USER\\Documents\\Node-Camps-API\\node_modules\\express\\lib\\middleware\\query.js:45:5)\n    at newFn (C:\\Users\\USER\\Documents\\Node-Camps-API\\node_modules\\express-async-errors\\index.js:16:20)\n    at Layer.handle [as handle_request] (C:\\Users\\USER\\Documents\\Node-Camps-API\\node_modules\\express\\lib\\router\\layer.js:95:5)\n    at trim_prefix (C:\\Users\\USER\\Documents\\Node-Camps-API\\node_modules\\express\\lib\\router\\index.js:317:13)\n    at C:\\Users\\USER\\Documents\\Node-Camps-API\\node_modules\\express\\lib\\router\\index.js:284:7\n    at Function.process_params (C:\\Users\\USER\\Documents\\Node-Camps-API\\node_modules\\express\\lib\\router\\index.js:335:12)\n    at next (C:\\Users\\USER\\Documents\\Node-Camps-API\\node_modules\\express\\lib\\router\\index.js:275:10)\n    at Function.handle (C:\\Users\\USER\\Documents\\Node-Camps-API\\node_modules\\express\\lib\\router\\index.js:174:3)\n    at Function.handle (C:\\Users\\USER\\Documents\\Node-Camps-API\\node_modules\\express\\lib\\application.js:174:10)\n    at Server.app (C:\\Users\\USER\\Documents\\Node-Camps-API\\node_modules\\express\\lib\\express.js:39:9)\n    at Server.emit (events.js:182:13)\n    at parserOnIncoming (_http_server.js:672:12)\n    at HTTPParser.parserOnHeadersComplete (_http_common.js:109:17)","level":"error","timestamp":"2019-09-02T22:36:18.612Z"}
{"level":"info","message":"listening on port 5000","timestamp":"2019-09-02T22:37:29.866Z"}
{"level":"info","message":"connected to  mongodb://localhost/camps_tests","timestamp":"2019-09-02T22:37:30.928Z"}
{"level":"info","message":"listening on port 5000","timestamp":"2019-09-02T22:52:49.940Z"}
{"level":"info","message":"connected to  mongodb://localhost/camps_tests","timestamp":"2019-09-02T22:52:50.980Z"}
{"level":"info","message":"listening on port 5000","timestamp":"2019-09-02T22:53:06.965Z"}
{"level":"info","message":"connected to  mongodb://localhost/camps_tests","timestamp":"2019-09-02T22:53:08.013Z"}
{"level":"info","message":"listening on port 5000","timestamp":"2019-09-02T22:58:41.501Z"}
{"level":"info","message":"connected to  mongodb://localhost/camps_tests","timestamp":"2019-09-02T22:58:42.562Z"}
{"level":"info","message":"listening on port 5000","timestamp":"2019-09-02T22:58:57.045Z"}
{"level":"info","message":"connected to  mongodb://localhost/camps_tests","timestamp":"2019-09-02T22:58:58.123Z"}
{"level":"info","message":"listening on port 5000","timestamp":"2019-09-02T23:07:11.734Z"}
{"level":"info","message":"connected to  mongodb://localhost/camps_tests","timestamp":"2019-09-02T23:07:12.803Z"}
{"level":"info","message":"listening on port 5000","timestamp":"2019-09-03T13:28:17.102Z"}
{"level":"info","message":"connected to  mongodb://localhost/camps_tests","timestamp":"2019-09-03T13:28:18.224Z"}
{"level":"info","message":"listening on port 5000","timestamp":"2019-09-03T13:30:23.650Z"}
{"level":"info","message":"connected to  mongodb://localhost/camps_tests","timestamp":"2019-09-03T13:30:24.825Z"}
{"level":"info","message":"listening on port 5000","timestamp":"2019-09-03T13:37:10.474Z"}
{"level":"info","message":"connected to  mongodb://localhost/camps_tests","timestamp":"2019-09-03T13:37:11.577Z"}
{"level":"info","message":"listening on port 5000","timestamp":"2019-09-03T14:26:44.443Z"}
{"level":"info","message":"connected to  mongodb://localhost/camps_tests","timestamp":"2019-09-03T14:26:45.575Z"}
{"level":"info","message":"listening on port 5000","timestamp":"2019-09-03T14:28:10.750Z"}
{"level":"info","message":"connected to  mongodb://localhost/camps_tests","timestamp":"2019-09-03T14:28:11.795Z"}
{"level":"info","message":"listening on port 5000","timestamp":"2019-09-03T14:28:14.643Z"}
{"level":"info","message":"listening on port 5000","timestamp":"2019-09-03T14:29:58.955Z"}
{"level":"info","message":"connected to  mongodb://localhost/camps_tests","timestamp":"2019-09-03T14:30:00.013Z"}
{"level":"info","message":"listening on port 5000","timestamp":"2019-09-03T14:30:00.488Z"}
{"level":"info","message":"connected to  mongodb://localhost/camps_tests","timestamp":"2019-09-03T14:30:01.855Z"}
{"level":"info","message":"listening on port 5000","timestamp":"2019-09-03T14:35:13.439Z"}
{"level":"info","message":"connected to  mongodb://localhost/camps_tests","timestamp":"2019-09-03T14:35:14.496Z"}
{"level":"info","message":"listening on port 5000","timestamp":"2019-09-03T14:35:14.568Z"}
{"level":"info","message":"connected to  mongodb://localhost/camps_tests","timestamp":"2019-09-03T14:35:15.694Z"}
{"level":"info","message":"listening on port 5000","timestamp":"2019-09-03T14:38:22.157Z"}
{"level":"info","message":"listening on port 5000","timestamp":"2019-09-03T14:38:22.787Z"}
{"level":"info","message":"connected to  mongodb://localhost/camps_tests","timestamp":"2019-09-03T14:38:23.266Z"}
{"level":"info","message":"connected to  mongodb://localhost/camps_tests","timestamp":"2019-09-03T14:38:23.936Z"}
{"level":"info","message":"listening on port 5000","timestamp":"2019-09-03T14:48:13.152Z"}
{"level":"info","message":"listening on port 5000","timestamp":"2019-09-03T14:48:13.578Z"}
{"level":"info","message":"connected to  mongodb://localhost/camps_tests","timestamp":"2019-09-03T14:48:14.243Z"}
{"level":"info","message":"connected to  mongodb://localhost/camps_tests","timestamp":"2019-09-03T14:48:14.730Z"}
{"level":"info","message":"listening on port 5000","timestamp":"2019-09-03T14:50:09.687Z"}
{"level":"info","message":"connected to  mongodb://localhost/camps_tests","timestamp":"2019-09-03T14:50:10.800Z"}
{"level":"info","message":"listening on port 5000","timestamp":"2019-09-03T14:58:05.993Z"}
{"level":"info","message":"connected to  mongodb://localhost/camps_tests","timestamp":"2019-09-03T14:58:07.092Z"}
{"level":"info","message":"listening on port 5000","timestamp":"2019-09-03T17:01:42.451Z"}
{"level":"info","message":"connected to  mongodb://localhost/camps_tests","timestamp":"2019-09-03T17:01:43.550Z"}
{"level":"info","message":"listening on port 5000","timestamp":"2019-09-03T17:02:29.938Z"}
{"level":"info","message":"connected to  mongodb://localhost/camps_tests","timestamp":"2019-09-03T17:02:31.032Z"}
{"level":"info","message":"listening on port 5000","timestamp":"2019-09-03T17:04:40.633Z"}
{"level":"info","message":"connected to  mongodb://localhost/camps_tests","timestamp":"2019-09-03T17:04:41.844Z"}
{"level":"info","message":"listening on port 5000","timestamp":"2019-09-03T17:12:32.823Z"}
{"level":"info","message":"connected to  mongodb://localhost/camps_tests","timestamp":"2019-09-03T17:12:33.897Z"}
{"level":"info","message":"listening on port 5000","timestamp":"2019-09-03T17:13:01.680Z"}
{"level":"info","message":"connected to  mongodb://localhost/camps_tests","timestamp":"2019-09-03T17:13:02.729Z"}
{"level":"info","message":"listening on port 5000","timestamp":"2019-09-03T17:13:18.055Z"}
{"level":"info","message":"listening on port 5000","timestamp":"2019-09-03T17:13:18.960Z"}
{"level":"info","message":"connected to  mongodb://localhost/camps_tests","timestamp":"2019-09-03T17:13:19.105Z"}
{"level":"info","message":"connected to  mongodb://localhost/camps_tests","timestamp":"2019-09-03T17:13:20.061Z"}
{"level":"info","message":"listening on port 5000","timestamp":"2019-09-03T17:16:17.338Z"}
{"level":"info","message":"connected to  mongodb://localhost/camps_tests","timestamp":"2019-09-03T17:16:18.442Z"}
{"level":"info","message":"listening on port 5000","timestamp":"2019-09-03T17:16:19.959Z"}
{"level":"info","message":"connected to  mongodb://localhost/camps_tests","timestamp":"2019-09-03T17:16:21.035Z"}
{"level":"info","message":"listening on port 5000","timestamp":"2019-09-03T17:44:08.467Z"}
{"level":"info","message":"connected to  mongodb://localhost/camps_tests","timestamp":"2019-09-03T17:44:09.546Z"}
{"level":"info","message":"listening on port 5000","timestamp":"2019-09-03T17:44:11.486Z"}
{"level":"info","message":"connected to  mongodb://localhost/camps_tests","timestamp":"2019-09-03T17:44:12.614Z"}
{"level":"info","message":"listening on port 5000","timestamp":"2019-09-03T17:51:08.210Z"}
{"level":"info","message":"connected to  mongodb://localhost/camps_tests","timestamp":"2019-09-03T17:51:09.267Z"}
{"level":"info","message":"listening on port 5000","timestamp":"2019-09-03T17:51:11.000Z"}
{"level":"info","message":"connected to  mongodb://localhost/camps_tests","timestamp":"2019-09-03T17:51:12.044Z"}
{"level":"info","message":"listening on port 5000","timestamp":"2019-09-03T17:58:18.249Z"}
{"level":"info","message":"connected to  mongodb://localhost/camps_tests","timestamp":"2019-09-03T17:58:19.293Z"}
{"level":"info","message":"listening on port 5000","timestamp":"2019-09-03T17:58:20.863Z"}
{"level":"info","message":"connected to  mongodb://localhost/camps_tests","timestamp":"2019-09-03T17:58:21.908Z"}
{"level":"info","message":"listening on port 5000","timestamp":"2019-09-03T17:58:37.506Z"}
{"level":"info","message":"connected to  mongodb://localhost/camps_tests","timestamp":"2019-09-03T17:58:38.546Z"}
{"level":"info","message":"listening on port 5000","timestamp":"2019-09-03T17:58:40.047Z"}
{"level":"info","message":"connected to  mongodb://localhost/camps_tests","timestamp":"2019-09-03T17:58:41.184Z"}
{"level":"info","message":"listening on port 5000","timestamp":"2019-09-03T18:01:21.071Z"}
{"level":"info","message":"connected to  mongodb://localhost/camps_tests","timestamp":"2019-09-03T18:01:22.116Z"}
{"level":"info","message":"listening on port 5000","timestamp":"2019-09-03T18:01:24.308Z"}
{"level":"info","message":"connected to  mongodb://localhost/camps_tests","timestamp":"2019-09-03T18:01:25.338Z"}
{"level":"info","message":"listening on port 5000","timestamp":"2019-09-03T18:02:42.868Z"}
{"level":"info","message":"connected to  mongodb://localhost/camps_tests","timestamp":"2019-09-03T18:02:43.949Z"}
{"level":"info","message":"listening on port 5000","timestamp":"2019-09-03T18:02:45.472Z"}
{"level":"info","message":"connected to  mongodb://localhost/camps_tests","timestamp":"2019-09-03T18:02:46.565Z"}
{"level":"info","message":"listening on port 5000","timestamp":"2019-09-03T18:04:34.963Z"}
{"level":"info","message":"connected to  mongodb://localhost/camps_tests","timestamp":"2019-09-03T18:04:36.002Z"}
{"level":"info","message":"listening on port 5000","timestamp":"2019-09-03T18:05:40.252Z"}
{"level":"info","message":"connected to  mongodb://localhost/camps_tests","timestamp":"2019-09-03T18:05:41.378Z"}
{"level":"info","message":"listening on port 5000","timestamp":"2019-09-03T18:05:44.515Z"}
{"level":"info","message":"connected to  mongodb://localhost/camps_tests","timestamp":"2019-09-03T18:05:45.616Z"}
{"level":"info","message":"listening on port 5000","timestamp":"2019-09-03T18:07:01.713Z"}
{"level":"info","message":"connected to  mongodb://localhost/camps_tests","timestamp":"2019-09-03T18:07:02.757Z"}
{"level":"info","message":"listening on port 5000","timestamp":"2019-09-03T18:07:06.112Z"}
{"level":"info","message":"connected to  mongodb://localhost/camps_tests","timestamp":"2019-09-03T18:07:07.156Z"}
{"level":"info","message":"listening on port 5000","timestamp":"2019-09-03T18:28:39.175Z"}
{"level":"info","message":"connected to  mongodb://localhost/camps_tests","timestamp":"2019-09-03T18:28:40.220Z"}
{"level":"info","message":"listening on port 5000","timestamp":"2019-09-03T18:28:42.997Z"}
{"level":"info","message":"connected to  mongodb://localhost/camps_tests","timestamp":"2019-09-03T18:28:44.134Z"}
{"level":"info","message":"listening on port 5000","timestamp":"2019-09-03T18:34:14.713Z"}
{"level":"info","message":"connected to  mongodb://localhost/camps_tests","timestamp":"2019-09-03T18:34:15.881Z"}
{"level":"info","message":"listening on port 5000","timestamp":"2019-09-03T18:34:39.971Z"}
{"level":"info","message":"connected to  mongodb://localhost/camps_tests","timestamp":"2019-09-03T18:34:41.066Z"}
{"level":"info","message":"listening on port 5000","timestamp":"2019-09-03T18:35:03.409Z"}
{"level":"info","message":"connected to  mongodb://localhost/camps_tests","timestamp":"2019-09-03T18:35:04.452Z"}
{"level":"info","message":"listening on port 5000","timestamp":"2019-09-03T18:35:06.664Z"}
{"level":"info","message":"connected to  mongodb://localhost/camps_tests","timestamp":"2019-09-03T18:35:07.780Z"}
{"level":"info","message":"listening on port 5000","timestamp":"2019-09-03T18:46:52.366Z"}
{"level":"info","message":"connected to  mongodb://localhost/camps_tests","timestamp":"2019-09-03T18:46:53.413Z"}
{"level":"info","message":"listening on port 5000","timestamp":"2019-09-03T18:46:59.213Z"}
{"level":"info","message":"connected to  mongodb://localhost/camps_tests","timestamp":"2019-09-03T18:47:00.258Z"}
{"level":"info","message":"listening on port 5000","timestamp":"2019-09-03T18:48:03.660Z"}
{"level":"info","message":"connected to  mongodb://localhost/camps_tests","timestamp":"2019-09-03T18:48:04.688Z"}
{"message":"res.Status is not a function","stack":"TypeError: res.Status is not a function\n    at Status (C:\\Users\\USER\\Documents\\Node-Camps-API\\routes\\speakers.js:32:21)\n    at process._tickCallback (internal/process/next_tick.js:68:7)","level":"error","timestamp":"2019-09-03T18:48:07.036Z"}
{"level":"info","message":"listening on port 5000","timestamp":"2019-09-03T18:48:07.685Z"}
{"level":"info","message":"connected to  mongodb://localhost/camps_tests","timestamp":"2019-09-03T18:48:08.699Z"}
{"level":"info","message":"listening on port 5000","timestamp":"2019-09-03T18:49:45.912Z"}
{"level":"info","message":"connected to  mongodb://localhost/camps_tests","timestamp":"2019-09-03T18:49:46.963Z"}
{"message":"Cast to ObjectId failed for value \"2\" at path \"_id\" for model \"Speaker\"","stack":"CastError: Cast to ObjectId failed for value \"2\" at path \"_id\" for model \"Speaker\"\n    at new CastError (C:\\Users\\USER\\Documents\\Node-Camps-API\\node_modules\\mongoose\\lib\\error\\cast.js:29:11)\n    at ObjectId.Object.<anonymous>.ObjectId.cast (C:\\Users\\USER\\Documents\\Node-Camps-API\\node_modules\\mongoose\\lib\\schema\\objectid.js:244:11)\n    at ObjectId.Object.<anonymous>.SchemaType.applySetters (C:\\Users\\USER\\Documents\\Node-Camps-API\\node_modules\\mongoose\\lib\\schematype.js:948:12)\n    at ObjectId.Object.<anonymous>.SchemaType._castForQuery (C:\\Users\\USER\\Documents\\Node-Camps-API\\node_modules\\mongoose\\lib\\schematype.js:1362:15)\n    at ObjectId.Object.<anonymous>.SchemaType.castForQuery (C:\\Users\\USER\\Documents\\Node-Camps-API\\node_modules\\mongoose\\lib\\schematype.js:1352:15)\n    at ObjectId.Object.<anonymous>.SchemaType.castForQueryWrapper (C:\\Users\\USER\\Documents\\Node-Camps-API\\node_modules\\mongoose\\lib\\schematype.js:1331:15)\n    at cast (C:\\Users\\USER\\Documents\\Node-Camps-API\\node_modules\\mongoose\\lib\\cast.js:307:32)\n    at model.Query.Object.<anonymous>.Query.cast (C:\\Users\\USER\\Documents\\Node-Camps-API\\node_modules\\mongoose\\lib\\query.js:4607:12)\n    at castQuery (C:\\Users\\USER\\Documents\\Node-Camps-API\\node_modules\\mongoose\\lib\\query.js:4420:18)\n    at model.Query.Object.<anonymous>.Query._findAndModify (C:\\Users\\USER\\Documents\\Node-Camps-API\\node_modules\\mongoose\\lib\\query.js:3365:23)\n    at model.Query.<anonymous> (C:\\Users\\USER\\Documents\\Node-Camps-API\\node_modules\\mongoose\\lib\\query.js:2949:8)\n    at model.Query._wrappedThunk [as _findOneAndUpdate] (C:\\Users\\USER\\Documents\\Node-Camps-API\\node_modules\\mongoose\\lib\\helpers\\query\\wrapThunk.js:16:8)\n    at process.nextTick (C:\\Users\\USER\\Documents\\Node-Camps-API\\node_modules\\kareem\\index.js:369:33)\n    at process._tickCallback (internal/process/next_tick.js:61:11)","name":"CastError","stringValue":"\"2\"","kind":"ObjectId","value":"2","path":"_id","level":"error","timestamp":"2019-09-03T18:49:49.193Z"}
{"level":"info","message":"listening on port 5000","timestamp":"2019-09-03T18:49:49.793Z"}
{"level":"info","message":"connected to  mongodb://localhost/camps_tests","timestamp":"2019-09-03T18:49:50.942Z"}
{"level":"info","message":"listening on port 5000","timestamp":"2019-09-03T18:52:19.160Z"}
{"level":"info","message":"connected to  mongodb://localhost/camps_tests","timestamp":"2019-09-03T18:52:20.255Z"}
{"message":"Cast to ObjectId failed for value \"2\" at path \"_id\" for model \"Speaker\"","stack":"CastError: Cast to ObjectId failed for value \"2\" at path \"_id\" for model \"Speaker\"\n    at new CastError (C:\\Users\\USER\\Documents\\Node-Camps-API\\node_modules\\mongoose\\lib\\error\\cast.js:29:11)\n    at ObjectId.Object.<anonymous>.ObjectId.cast (C:\\Users\\USER\\Documents\\Node-Camps-API\\node_modules\\mongoose\\lib\\schema\\objectid.js:244:11)\n    at ObjectId.Object.<anonymous>.SchemaType.applySetters (C:\\Users\\USER\\Documents\\Node-Camps-API\\node_modules\\mongoose\\lib\\schematype.js:948:12)\n    at ObjectId.Object.<anonymous>.SchemaType._castForQuery (C:\\Users\\USER\\Documents\\Node-Camps-API\\node_modules\\mongoose\\lib\\schematype.js:1362:15)\n    at ObjectId.Object.<anonymous>.SchemaType.castForQuery (C:\\Users\\USER\\Documents\\Node-Camps-API\\node_modules\\mongoose\\lib\\schematype.js:1352:15)\n    at ObjectId.Object.<anonymous>.SchemaType.castForQueryWrapper (C:\\Users\\USER\\Documents\\Node-Camps-API\\node_modules\\mongoose\\lib\\schematype.js:1331:15)\n    at cast (C:\\Users\\USER\\Documents\\Node-Camps-API\\node_modules\\mongoose\\lib\\cast.js:307:32)\n    at model.Query.Object.<anonymous>.Query.cast (C:\\Users\\USER\\Documents\\Node-Camps-API\\node_modules\\mongoose\\lib\\query.js:4607:12)\n    at castQuery (C:\\Users\\USER\\Documents\\Node-Camps-API\\node_modules\\mongoose\\lib\\query.js:4420:18)\n    at model.Query.Object.<anonymous>.Query._findAndModify (C:\\Users\\USER\\Documents\\Node-Camps-API\\node_modules\\mongoose\\lib\\query.js:3365:23)\n    at model.Query.<anonymous> (C:\\Users\\USER\\Documents\\Node-Camps-API\\node_modules\\mongoose\\lib\\query.js:2949:8)\n    at model.Query._wrappedThunk [as _findOneAndUpdate] (C:\\Users\\USER\\Documents\\Node-Camps-API\\node_modules\\mongoose\\lib\\helpers\\query\\wrapThunk.js:16:8)\n    at process.nextTick (C:\\Users\\USER\\Documents\\Node-Camps-API\\node_modules\\kareem\\index.js:369:33)\n    at process._tickCallback (internal/process/next_tick.js:61:11)","name":"CastError","stringValue":"\"2\"","kind":"ObjectId","value":"2","path":"_id","level":"error","timestamp":"2019-09-03T18:52:22.549Z"}
{"level":"info","message":"listening on port 5000","timestamp":"2019-09-03T18:52:23.112Z"}
{"level":"info","message":"connected to  mongodb://localhost/camps_tests","timestamp":"2019-09-03T18:52:24.285Z"}
{"level":"info","message":"listening on port 5000","timestamp":"2019-09-03T18:56:51.026Z"}
{"level":"info","message":"connected to  mongodb://localhost/camps_tests","timestamp":"2019-09-03T18:56:52.066Z"}
{"message":"Cast to ObjectId failed for value \"2\" at path \"_id\" for model \"Speaker\"","stack":"CastError: Cast to ObjectId failed for value \"2\" at path \"_id\" for model \"Speaker\"\n    at new CastError (C:\\Users\\USER\\Documents\\Node-Camps-API\\node_modules\\mongoose\\lib\\error\\cast.js:29:11)\n    at ObjectId.Object.<anonymous>.ObjectId.cast (C:\\Users\\USER\\Documents\\Node-Camps-API\\node_modules\\mongoose\\lib\\schema\\objectid.js:244:11)\n    at ObjectId.Object.<anonymous>.SchemaType.applySetters (C:\\Users\\USER\\Documents\\Node-Camps-API\\node_modules\\mongoose\\lib\\schematype.js:948:12)\n    at ObjectId.Object.<anonymous>.SchemaType._castForQuery (C:\\Users\\USER\\Documents\\Node-Camps-API\\node_modules\\mongoose\\lib\\schematype.js:1362:15)\n    at ObjectId.Object.<anonymous>.SchemaType.castForQuery (C:\\Users\\USER\\Documents\\Node-Camps-API\\node_modules\\mongoose\\lib\\schematype.js:1352:15)\n    at ObjectId.Object.<anonymous>.SchemaType.castForQueryWrapper (C:\\Users\\USER\\Documents\\Node-Camps-API\\node_modules\\mongoose\\lib\\schematype.js:1331:15)\n    at cast (C:\\Users\\USER\\Documents\\Node-Camps-API\\node_modules\\mongoose\\lib\\cast.js:307:32)\n    at model.Query.Object.<anonymous>.Query.cast (C:\\Users\\USER\\Documents\\Node-Camps-API\\node_modules\\mongoose\\lib\\query.js:4607:12)\n    at castQuery (C:\\Users\\USER\\Documents\\Node-Camps-API\\node_modules\\mongoose\\lib\\query.js:4420:18)\n    at model.Query.Object.<anonymous>.Query._findAndModify (C:\\Users\\USER\\Documents\\Node-Camps-API\\node_modules\\mongoose\\lib\\query.js:3365:23)\n    at model.Query.<anonymous> (C:\\Users\\USER\\Documents\\Node-Camps-API\\node_modules\\mongoose\\lib\\query.js:2949:8)\n    at model.Query._wrappedThunk [as _findOneAndUpdate] (C:\\Users\\USER\\Documents\\Node-Camps-API\\node_modules\\mongoose\\lib\\helpers\\query\\wrapThunk.js:16:8)\n    at process.nextTick (C:\\Users\\USER\\Documents\\Node-Camps-API\\node_modules\\kareem\\index.js:369:33)\n    at process._tickCallback (internal/process/next_tick.js:61:11)","name":"CastError","stringValue":"\"2\"","kind":"ObjectId","value":"2","path":"_id","level":"error","timestamp":"2019-09-03T18:56:54.366Z"}
{"level":"info","message":"listening on port 5000","timestamp":"2019-09-03T18:56:54.983Z"}
{"level":"info","message":"connected to  mongodb://localhost/camps_tests","timestamp":"2019-09-03T18:56:56.010Z"}
{"level":"info","message":"listening on port 5000","timestamp":"2019-09-03T18:57:44.521Z"}
{"level":"info","message":"connected to  mongodb://localhost/camps_tests","timestamp":"2019-09-03T18:57:45.561Z"}
{"level":"error","timestamp":"2019-09-03T18:57:47.911Z"}
{"level":"info","message":"listening on port 5000","timestamp":"2019-09-03T18:57:49.121Z"}
{"level":"info","message":"connected to  mongodb://localhost/camps_tests","timestamp":"2019-09-03T18:57:50.287Z"}
{"level":"info","message":"listening on port 5000","timestamp":"2019-09-03T19:01:54.444Z"}
{"level":"info","message":"connected to  mongodb://localhost/camps_tests","timestamp":"2019-09-03T19:01:55.493Z"}
{"level":"info","message":"listening on port 5000","timestamp":"2019-09-03T19:01:58.369Z"}
{"level":"info","message":"connected to  mongodb://localhost/camps_tests","timestamp":"2019-09-03T19:01:59.499Z"}
{"level":"info","message":"listening on port 5000","timestamp":"2019-09-03T19:11:42.360Z"}
{"level":"info","message":"connected to  mongodb://localhost/camps_tests","timestamp":"2019-09-03T19:11:43.424Z"}
{"level":"info","message":"listening on port 5000","timestamp":"2019-09-03T19:11:46.732Z"}
{"level":"info","message":"connected to  mongodb://localhost/camps_tests","timestamp":"2019-09-03T19:11:47.870Z"}
{"level":"info","message":"listening on port 5000","timestamp":"2019-09-03T19:13:07.308Z"}
{"level":"info","message":"connected to  mongodb://localhost/camps_tests","timestamp":"2019-09-03T19:13:08.351Z"}
{"level":"error","timestamp":"2019-09-03T19:13:10.503Z"}
{"level":"info","message":"listening on port 5000","timestamp":"2019-09-03T19:13:11.279Z"}
{"level":"info","message":"connected to  mongodb://localhost/camps_tests","timestamp":"2019-09-03T19:13:12.340Z"}
{"level":"info","message":"listening on port 5000","timestamp":"2019-09-03T19:14:23.960Z"}
{"level":"info","message":"connected to  mongodb://localhost/camps_tests","timestamp":"2019-09-03T19:14:24.998Z"}
{"level":"info","message":"listening on port 5000","timestamp":"2019-09-03T19:14:52.337Z"}
{"level":"info","message":"connected to  mongodb://localhost/camps_tests","timestamp":"2019-09-03T19:14:53.374Z"}
{"level":"info","message":"listening on port 5000","timestamp":"2019-09-03T19:14:55.673Z"}
{"level":"info","message":"connected to  mongodb://localhost/camps_tests","timestamp":"2019-09-03T19:14:56.785Z"}
{"level":"error","timestamp":"2019-09-03T19:14:58.974Z"}
{"message":"Cast to ObjectId failed for value \"2\" at path \"_id\" for model \"Speaker\"","stack":"CastError: Cast to ObjectId failed for value \"2\" at path \"_id\" for model \"Speaker\"\n    at new CastError (C:\\Users\\USER\\Documents\\Node-Camps-API\\node_modules\\mongoose\\lib\\error\\cast.js:29:11)\n    at ObjectId.Object.<anonymous>.ObjectId.cast (C:\\Users\\USER\\Documents\\Node-Camps-API\\node_modules\\mongoose\\lib\\schema\\objectid.js:244:11)\n    at ObjectId.Object.<anonymous>.SchemaType.applySetters (C:\\Users\\USER\\Documents\\Node-Camps-API\\node_modules\\mongoose\\lib\\schematype.js:948:12)\n    at ObjectId.Object.<anonymous>.SchemaType._castForQuery (C:\\Users\\USER\\Documents\\Node-Camps-API\\node_modules\\mongoose\\lib\\schematype.js:1362:15)\n    at ObjectId.Object.<anonymous>.SchemaType.castForQuery (C:\\Users\\USER\\Documents\\Node-Camps-API\\node_modules\\mongoose\\lib\\schematype.js:1352:15)\n    at ObjectId.Object.<anonymous>.SchemaType.castForQueryWrapper (C:\\Users\\USER\\Documents\\Node-Camps-API\\node_modules\\mongoose\\lib\\schematype.js:1331:15)\n    at cast (C:\\Users\\USER\\Documents\\Node-Camps-API\\node_modules\\mongoose\\lib\\cast.js:307:32)\n    at model.Query.Object.<anonymous>.Query.cast (C:\\Users\\USER\\Documents\\Node-Camps-API\\node_modules\\mongoose\\lib\\query.js:4607:12)\n    at castQuery (C:\\Users\\USER\\Documents\\Node-Camps-API\\node_modules\\mongoose\\lib\\query.js:4420:18)\n    at model.Query.Object.<anonymous>.Query._findAndModify (C:\\Users\\USER\\Documents\\Node-Camps-API\\node_modules\\mongoose\\lib\\query.js:3365:23)\n    at model.Query.<anonymous> (C:\\Users\\USER\\Documents\\Node-Camps-API\\node_modules\\mongoose\\lib\\query.js:2949:8)\n    at model.Query._wrappedThunk [as _findOneAndUpdate] (C:\\Users\\USER\\Documents\\Node-Camps-API\\node_modules\\mongoose\\lib\\helpers\\query\\wrapThunk.js:16:8)\n    at process.nextTick (C:\\Users\\USER\\Documents\\Node-Camps-API\\node_modules\\kareem\\index.js:369:33)\n    at process._tickCallback (internal/process/next_tick.js:61:11)","name":"CastError","stringValue":"\"2\"","kind":"ObjectId","value":"2","path":"_id","level":"error","timestamp":"2019-09-03T19:14:59.145Z"}
{"level":"info","message":"listening on port 5000","timestamp":"2019-09-03T19:17:13.012Z"}
{"level":"info","message":"connected to  mongodb://localhost/camps_tests","timestamp":"2019-09-03T19:17:14.067Z"}
{"level":"error","timestamp":"2019-09-03T19:17:16.314Z"}
{"message":"Cast to ObjectId failed for value \"2\" at path \"_id\" for model \"Speaker\"","stack":"CastError: Cast to ObjectId failed for value \"2\" at path \"_id\" for model \"Speaker\"\n    at new CastError (C:\\Users\\USER\\Documents\\Node-Camps-API\\node_modules\\mongoose\\lib\\error\\cast.js:29:11)\n    at ObjectId.Object.<anonymous>.ObjectId.cast (C:\\Users\\USER\\Documents\\Node-Camps-API\\node_modules\\mongoose\\lib\\schema\\objectid.js:244:11)\n    at ObjectId.Object.<anonymous>.SchemaType.applySetters (C:\\Users\\USER\\Documents\\Node-Camps-API\\node_modules\\mongoose\\lib\\schematype.js:948:12)\n    at ObjectId.Object.<anonymous>.SchemaType._castForQuery (C:\\Users\\USER\\Documents\\Node-Camps-API\\node_modules\\mongoose\\lib\\schematype.js:1362:15)\n    at ObjectId.Object.<anonymous>.SchemaType.castForQuery (C:\\Users\\USER\\Documents\\Node-Camps-API\\node_modules\\mongoose\\lib\\schematype.js:1352:15)\n    at ObjectId.Object.<anonymous>.SchemaType.castForQueryWrapper (C:\\Users\\USER\\Documents\\Node-Camps-API\\node_modules\\mongoose\\lib\\schematype.js:1331:15)\n    at cast (C:\\Users\\USER\\Documents\\Node-Camps-API\\node_modules\\mongoose\\lib\\cast.js:307:32)\n    at model.Query.Object.<anonymous>.Query.cast (C:\\Users\\USER\\Documents\\Node-Camps-API\\node_modules\\mongoose\\lib\\query.js:4607:12)\n    at castQuery (C:\\Users\\USER\\Documents\\Node-Camps-API\\node_modules\\mongoose\\lib\\query.js:4420:18)\n    at model.Query.Object.<anonymous>.Query._findAndModify (C:\\Users\\USER\\Documents\\Node-Camps-API\\node_modules\\mongoose\\lib\\query.js:3365:23)\n    at model.Query.<anonymous> (C:\\Users\\USER\\Documents\\Node-Camps-API\\node_modules\\mongoose\\lib\\query.js:2949:8)\n    at model.Query._wrappedThunk [as _findOneAndUpdate] (C:\\Users\\USER\\Documents\\Node-Camps-API\\node_modules\\mongoose\\lib\\helpers\\query\\wrapThunk.js:16:8)\n    at process.nextTick (C:\\Users\\USER\\Documents\\Node-Camps-API\\node_modules\\kareem\\index.js:369:33)\n    at process._tickCallback (internal/process/next_tick.js:61:11)","name":"CastError","stringValue":"\"2\"","kind":"ObjectId","value":"2","path":"_id","level":"error","timestamp":"2019-09-03T19:17:16.389Z"}
{"level":"info","message":"listening on port 5000","timestamp":"2019-09-03T19:17:16.992Z"}
{"level":"info","message":"connected to  mongodb://localhost/camps_tests","timestamp":"2019-09-03T19:17:18.053Z"}
{"level":"info","message":"listening on port 5000","timestamp":"2019-09-03T19:21:47.615Z"}
{"level":"info","message":"connected to  mongodb://localhost/camps_tests","timestamp":"2019-09-03T19:21:48.662Z"}
{"level":"error","timestamp":"2019-09-03T19:21:50.935Z"}
{"message":"Cast to ObjectId failed for value \"2\" at path \"_id\" for model \"Speaker\"","stack":"CastError: Cast to ObjectId failed for value \"2\" at path \"_id\" for model \"Speaker\"\n    at new CastError (C:\\Users\\USER\\Documents\\Node-Camps-API\\node_modules\\mongoose\\lib\\error\\cast.js:29:11)\n    at ObjectId.Object.<anonymous>.ObjectId.cast (C:\\Users\\USER\\Documents\\Node-Camps-API\\node_modules\\mongoose\\lib\\schema\\objectid.js:244:11)\n    at ObjectId.Object.<anonymous>.SchemaType.applySetters (C:\\Users\\USER\\Documents\\Node-Camps-API\\node_modules\\mongoose\\lib\\schematype.js:948:12)\n    at ObjectId.Object.<anonymous>.SchemaType._castForQuery (C:\\Users\\USER\\Documents\\Node-Camps-API\\node_modules\\mongoose\\lib\\schematype.js:1362:15)\n    at ObjectId.Object.<anonymous>.SchemaType.castForQuery (C:\\Users\\USER\\Documents\\Node-Camps-API\\node_modules\\mongoose\\lib\\schematype.js:1352:15)\n    at ObjectId.Object.<anonymous>.SchemaType.castForQueryWrapper (C:\\Users\\USER\\Documents\\Node-Camps-API\\node_modules\\mongoose\\lib\\schematype.js:1331:15)\n    at cast (C:\\Users\\USER\\Documents\\Node-Camps-API\\node_modules\\mongoose\\lib\\cast.js:307:32)\n    at model.Query.Object.<anonymous>.Query.cast (C:\\Users\\USER\\Documents\\Node-Camps-API\\node_modules\\mongoose\\lib\\query.js:4607:12)\n    at castQuery (C:\\Users\\USER\\Documents\\Node-Camps-API\\node_modules\\mongoose\\lib\\query.js:4420:18)\n    at model.Query.Object.<anonymous>.Query._findAndModify (C:\\Users\\USER\\Documents\\Node-Camps-API\\node_modules\\mongoose\\lib\\query.js:3365:23)\n    at model.Query.<anonymous> (C:\\Users\\USER\\Documents\\Node-Camps-API\\node_modules\\mongoose\\lib\\query.js:2949:8)\n    at model.Query._wrappedThunk [as _findOneAndUpdate] (C:\\Users\\USER\\Documents\\Node-Camps-API\\node_modules\\mongoose\\lib\\helpers\\query\\wrapThunk.js:16:8)\n    at process.nextTick (C:\\Users\\USER\\Documents\\Node-Camps-API\\node_modules\\kareem\\index.js:369:33)\n    at process._tickCallback (internal/process/next_tick.js:61:11)","name":"CastError","stringValue":"\"2\"","kind":"ObjectId","value":"2","path":"_id","level":"error","timestamp":"2019-09-03T19:21:51.033Z"}
{"level":"info","message":"listening on port 5000","timestamp":"2019-09-03T19:21:51.543Z"}
{"level":"info","message":"connected to  mongodb://localhost/camps_tests","timestamp":"2019-09-03T19:21:52.562Z"}
{"level":"info","message":"listening on port 5000","timestamp":"2019-09-03T19:22:11.519Z"}
{"level":"info","message":"connected to  mongodb://localhost/camps_tests","timestamp":"2019-09-03T19:22:12.569Z"}
{"level":"error","timestamp":"2019-09-03T19:22:14.799Z"}
{"level":"info","message":"listening on port 5000","timestamp":"2019-09-03T19:22:15.522Z"}
{"level":"info","message":"connected to  mongodb://localhost/camps_tests","timestamp":"2019-09-03T19:22:16.584Z"}
{"level":"info","message":"listening on port 5000","timestamp":"2019-09-03T19:24:17.737Z"}
{"level":"info","message":"connected to  mongodb://localhost/camps_tests","timestamp":"2019-09-03T19:24:18.781Z"}
{"level":"error","timestamp":"2019-09-03T19:24:21.058Z"}
{"message":"Cast to ObjectId failed for value \"2\" at path \"_id\" for model \"Speaker\"","stack":"CastError: Cast to ObjectId failed for value \"2\" at path \"_id\" for model \"Speaker\"\n    at new CastError (C:\\Users\\USER\\Documents\\Node-Camps-API\\node_modules\\mongoose\\lib\\error\\cast.js:29:11)\n    at ObjectId.Object.<anonymous>.ObjectId.cast (C:\\Users\\USER\\Documents\\Node-Camps-API\\node_modules\\mongoose\\lib\\schema\\objectid.js:244:11)\n    at ObjectId.Object.<anonymous>.SchemaType.applySetters (C:\\Users\\USER\\Documents\\Node-Camps-API\\node_modules\\mongoose\\lib\\schematype.js:948:12)\n    at ObjectId.Object.<anonymous>.SchemaType._castForQuery (C:\\Users\\USER\\Documents\\Node-Camps-API\\node_modules\\mongoose\\lib\\schematype.js:1362:15)\n    at ObjectId.Object.<anonymous>.SchemaType.castForQuery (C:\\Users\\USER\\Documents\\Node-Camps-API\\node_modules\\mongoose\\lib\\schematype.js:1352:15)\n    at ObjectId.Object.<anonymous>.SchemaType.castForQueryWrapper (C:\\Users\\USER\\Documents\\Node-Camps-API\\node_modules\\mongoose\\lib\\schematype.js:1331:15)\n    at cast (C:\\Users\\USER\\Documents\\Node-Camps-API\\node_modules\\mongoose\\lib\\cast.js:307:32)\n    at model.Query.Object.<anonymous>.Query.cast (C:\\Users\\USER\\Documents\\Node-Camps-API\\node_modules\\mongoose\\lib\\query.js:4607:12)\n    at castQuery (C:\\Users\\USER\\Documents\\Node-Camps-API\\node_modules\\mongoose\\lib\\query.js:4420:18)\n    at model.Query.Object.<anonymous>.Query._findAndModify (C:\\Users\\USER\\Documents\\Node-Camps-API\\node_modules\\mongoose\\lib\\query.js:3365:23)\n    at model.Query.<anonymous> (C:\\Users\\USER\\Documents\\Node-Camps-API\\node_modules\\mongoose\\lib\\query.js:2949:8)\n    at model.Query._wrappedThunk [as _findOneAndUpdate] (C:\\Users\\USER\\Documents\\Node-Camps-API\\node_modules\\mongoose\\lib\\helpers\\query\\wrapThunk.js:16:8)\n    at process.nextTick (C:\\Users\\USER\\Documents\\Node-Camps-API\\node_modules\\kareem\\index.js:369:33)\n    at process._tickCallback (internal/process/next_tick.js:61:11)","name":"CastError","stringValue":"\"2\"","kind":"ObjectId","value":"2","path":"_id","level":"error","timestamp":"2019-09-03T19:24:21.251Z"}
{"level":"info","message":"listening on port 5000","timestamp":"2019-09-03T19:24:22.064Z"}
{"level":"info","message":"connected to  mongodb://localhost/camps_tests","timestamp":"2019-09-03T19:24:23.124Z"}
{"level":"info","message":"listening on port 5000","timestamp":"2019-09-03T19:26:12.443Z"}
{"level":"info","message":"connected to  mongodb://localhost/camps_tests","timestamp":"2019-09-03T19:26:13.489Z"}
{"level":"error","timestamp":"2019-09-03T19:26:15.731Z"}
{"message":"Cast to ObjectId failed for value \"1\" at path \"_id\" for model \"Speaker\"","stack":"CastError: Cast to ObjectId failed for value \"1\" at path \"_id\" for model \"Speaker\"\n    at new CastError (C:\\Users\\USER\\Documents\\Node-Camps-API\\node_modules\\mongoose\\lib\\error\\cast.js:29:11)\n    at ObjectId.Object.<anonymous>.ObjectId.cast (C:\\Users\\USER\\Documents\\Node-Camps-API\\node_modules\\mongoose\\lib\\schema\\objectid.js:244:11)\n    at ObjectId.Object.<anonymous>.SchemaType.applySetters (C:\\Users\\USER\\Documents\\Node-Camps-API\\node_modules\\mongoose\\lib\\schematype.js:948:12)\n    at ObjectId.Object.<anonymous>.SchemaType._castForQuery (C:\\Users\\USER\\Documents\\Node-Camps-API\\node_modules\\mongoose\\lib\\schematype.js:1362:15)\n    at ObjectId.Object.<anonymous>.SchemaType.castForQuery (C:\\Users\\USER\\Documents\\Node-Camps-API\\node_modules\\mongoose\\lib\\schematype.js:1352:15)\n    at ObjectId.Object.<anonymous>.SchemaType.castForQueryWrapper (C:\\Users\\USER\\Documents\\Node-Camps-API\\node_modules\\mongoose\\lib\\schematype.js:1331:15)\n    at cast (C:\\Users\\USER\\Documents\\Node-Camps-API\\node_modules\\mongoose\\lib\\cast.js:307:32)\n    at model.Query.Object.<anonymous>.Query.cast (C:\\Users\\USER\\Documents\\Node-Camps-API\\node_modules\\mongoose\\lib\\query.js:4607:12)\n    at castQuery (C:\\Users\\USER\\Documents\\Node-Camps-API\\node_modules\\mongoose\\lib\\query.js:4420:18)\n    at model.Query.Object.<anonymous>.Query._findAndModify (C:\\Users\\USER\\Documents\\Node-Camps-API\\node_modules\\mongoose\\lib\\query.js:3365:23)\n    at model.Query.<anonymous> (C:\\Users\\USER\\Documents\\Node-Camps-API\\node_modules\\mongoose\\lib\\query.js:2949:8)\n    at model.Query._wrappedThunk [as _findOneAndUpdate] (C:\\Users\\USER\\Documents\\Node-Camps-API\\node_modules\\mongoose\\lib\\helpers\\query\\wrapThunk.js:16:8)\n    at process.nextTick (C:\\Users\\USER\\Documents\\Node-Camps-API\\node_modules\\kareem\\index.js:369:33)\n    at process._tickCallback (internal/process/next_tick.js:61:11)","name":"CastError","stringValue":"\"1\"","kind":"ObjectId","value":"1","path":"_id","level":"error","timestamp":"2019-09-03T19:26:15.800Z"}
{"message":"Cast to ObjectId failed for value \"2\" at path \"_id\" for model \"Speaker\"","stack":"CastError: Cast to ObjectId failed for value \"2\" at path \"_id\" for model \"Speaker\"\n    at new CastError (C:\\Users\\USER\\Documents\\Node-Camps-API\\node_modules\\mongoose\\lib\\error\\cast.js:29:11)\n    at ObjectId.Object.<anonymous>.ObjectId.cast (C:\\Users\\USER\\Documents\\Node-Camps-API\\node_modules\\mongoose\\lib\\schema\\objectid.js:244:11)\n    at ObjectId.Object.<anonymous>.SchemaType.applySetters (C:\\Users\\USER\\Documents\\Node-Camps-API\\node_modules\\mongoose\\lib\\schematype.js:948:12)\n    at ObjectId.Object.<anonymous>.SchemaType._castForQuery (C:\\Users\\USER\\Documents\\Node-Camps-API\\node_modules\\mongoose\\lib\\schematype.js:1362:15)\n    at ObjectId.Object.<anonymous>.SchemaType.castForQuery (C:\\Users\\USER\\Documents\\Node-Camps-API\\node_modules\\mongoose\\lib\\schematype.js:1352:15)\n    at ObjectId.Object.<anonymous>.SchemaType.castForQueryWrapper (C:\\Users\\USER\\Documents\\Node-Camps-API\\node_modules\\mongoose\\lib\\schematype.js:1331:15)\n    at cast (C:\\Users\\USER\\Documents\\Node-Camps-API\\node_modules\\mongoose\\lib\\cast.js:307:32)\n    at model.Query.Object.<anonymous>.Query.cast (C:\\Users\\USER\\Documents\\Node-Camps-API\\node_modules\\mongoose\\lib\\query.js:4607:12)\n    at castQuery (C:\\Users\\USER\\Documents\\Node-Camps-API\\node_modules\\mongoose\\lib\\query.js:4420:18)\n    at model.Query.Object.<anonymous>.Query._findAndModify (C:\\Users\\USER\\Documents\\Node-Camps-API\\node_modules\\mongoose\\lib\\query.js:3365:23)\n    at model.Query.<anonymous> (C:\\Users\\USER\\Documents\\Node-Camps-API\\node_modules\\mongoose\\lib\\query.js:2949:8)\n    at model.Query._wrappedThunk [as _findOneAndUpdate] (C:\\Users\\USER\\Documents\\Node-Camps-API\\node_modules\\mongoose\\lib\\helpers\\query\\wrapThunk.js:16:8)\n    at process.nextTick (C:\\Users\\USER\\Documents\\Node-Camps-API\\node_modules\\kareem\\index.js:369:33)\n    at process._tickCallback (internal/process/next_tick.js:61:11)","name":"CastError","stringValue":"\"2\"","kind":"ObjectId","value":"2","path":"_id","level":"error","timestamp":"2019-09-03T19:26:15.830Z"}
{"level":"info","message":"listening on port 5000","timestamp":"2019-09-03T19:26:16.520Z"}
{"level":"info","message":"connected to  mongodb://localhost/camps_tests","timestamp":"2019-09-03T19:26:17.653Z"}
{"level":"info","message":"listening on port 5000","timestamp":"2019-09-03T19:31:11.920Z"}
{"level":"info","message":"connected to  mongodb://localhost/camps_tests","timestamp":"2019-09-03T19:31:12.974Z"}
{"level":"error","timestamp":"2019-09-03T19:31:15.184Z"}
{"message":"Cast to ObjectId failed for value \"2\" at path \"_id\" for model \"Speaker\"","stack":"CastError: Cast to ObjectId failed for value \"2\" at path \"_id\" for model \"Speaker\"\n    at new CastError (C:\\Users\\USER\\Documents\\Node-Camps-API\\node_modules\\mongoose\\lib\\error\\cast.js:29:11)\n    at ObjectId.Object.<anonymous>.ObjectId.cast (C:\\Users\\USER\\Documents\\Node-Camps-API\\node_modules\\mongoose\\lib\\schema\\objectid.js:244:11)\n    at ObjectId.Object.<anonymous>.SchemaType.applySetters (C:\\Users\\USER\\Documents\\Node-Camps-API\\node_modules\\mongoose\\lib\\schematype.js:948:12)\n    at ObjectId.Object.<anonymous>.SchemaType._castForQuery (C:\\Users\\USER\\Documents\\Node-Camps-API\\node_modules\\mongoose\\lib\\schematype.js:1362:15)\n    at ObjectId.Object.<anonymous>.SchemaType.castForQuery (C:\\Users\\USER\\Documents\\Node-Camps-API\\node_modules\\mongoose\\lib\\schematype.js:1352:15)\n    at ObjectId.Object.<anonymous>.SchemaType.castForQueryWrapper (C:\\Users\\USER\\Documents\\Node-Camps-API\\node_modules\\mongoose\\lib\\schematype.js:1331:15)\n    at cast (C:\\Users\\USER\\Documents\\Node-Camps-API\\node_modules\\mongoose\\lib\\cast.js:307:32)\n    at model.Query.Object.<anonymous>.Query.cast (C:\\Users\\USER\\Documents\\Node-Camps-API\\node_modules\\mongoose\\lib\\query.js:4607:12)\n    at castQuery (C:\\Users\\USER\\Documents\\Node-Camps-API\\node_modules\\mongoose\\lib\\query.js:4420:18)\n    at model.Query.Object.<anonymous>.Query._findAndModify (C:\\Users\\USER\\Documents\\Node-Camps-API\\node_modules\\mongoose\\lib\\query.js:3365:23)\n    at model.Query.<anonymous> (C:\\Users\\USER\\Documents\\Node-Camps-API\\node_modules\\mongoose\\lib\\query.js:2949:8)\n    at model.Query._wrappedThunk [as _findOneAndUpdate] (C:\\Users\\USER\\Documents\\Node-Camps-API\\node_modules\\mongoose\\lib\\helpers\\query\\wrapThunk.js:16:8)\n    at process.nextTick (C:\\Users\\USER\\Documents\\Node-Camps-API\\node_modules\\kareem\\index.js:369:33)\n    at process._tickCallback (internal/process/next_tick.js:61:11)","name":"CastError","stringValue":"\"2\"","kind":"ObjectId","value":"2","path":"_id","level":"error","timestamp":"2019-09-03T19:31:15.211Z"}
{"level":"info","message":"listening on port 5000","timestamp":"2019-09-03T19:31:15.688Z"}
{"level":"info","message":"connected to  mongodb://localhost/camps_tests","timestamp":"2019-09-03T19:31:16.754Z"}
{"level":"info","message":"listening on port 5000","timestamp":"2019-09-03T20:13:12.201Z"}
{"level":"info","message":"connected to  mongodb://localhost/camps","timestamp":"2019-09-03T20:13:13.276Z"}
{"level":"info","message":"listening on port 5000","timestamp":"2019-09-03T20:22:26.338Z"}
{"level":"info","message":"connected to  mongodb://localhost/camps","timestamp":"2019-09-03T20:22:27.411Z"}
{"level":"info","message":"listening on port 5000","timestamp":"2019-09-03T20:26:48.887Z"}
{"level":"info","message":"connected to  mongodb://localhost/camps","timestamp":"2019-09-03T20:26:49.934Z"}
{"accepted":["ogbemudiathomas@gmail.com"],"rejected":[],"envelopeTime":921,"messageTime":2345,"messageSize":1253,"response":"250 2.0.0 OK  1567542420 u17sm20833468wru.25 - gsmtp","envelope":{"from":"ogbemudiatimothy@gmail.com","to":["ogbemudiathomas@gmail.com"]},"messageId":"<0a2d8557-a39c-e30a-aa49-8008a780792b@gmail.com>","level":"info","message":"","timestamp":"2019-09-03T20:27:02.055Z"}
{"message":"E11000 duplicate key error collection: camps.campusers index: email_1 dup key: { : \"ogbemudiathomas@gmail.com\" }","stack":"MongoError: E11000 duplicate key error collection: camps.campusers index: email_1 dup key: { : \"ogbemudiathomas@gmail.com\" }\n    at Function.create (C:\\Users\\USER\\Documents\\Node-Camps-API\\node_modules\\mongodb-core\\lib\\error.js:43:12)\n    at toError (C:\\Users\\USER\\Documents\\Node-Camps-API\\node_modules\\mongodb\\lib\\utils.js:149:22)\n    at coll.s.topology.insert (C:\\Users\\USER\\Documents\\Node-Camps-API\\node_modules\\mongodb\\lib\\operations\\collection_ops.js:859:39)\n    at C:\\Users\\USER\\Documents\\Node-Camps-API\\node_modules\\mongodb-core\\lib\\connection\\pool.js:397:18\n    at process._tickCallback (internal/process/next_tick.js:61:11)","driver":true,"name":"MongoError","index":0,"code":11000,"errmsg":"E11000 duplicate key error collection: camps.campusers index: email_1 dup key: { : \"ogbemudiathomas@gmail.com\" }","level":"error","timestamp":"2019-09-03T20:27:05.649Z"}
{"level":"info","message":"listening on port 5000","timestamp":"2019-09-03T20:28:01.388Z"}
{"level":"info","message":"connected to  mongodb://localhost/camps","timestamp":"2019-09-03T20:28:02.439Z"}
{"accepted":["ogbemudiatimothy@gmail.com"],"rejected":[],"envelopeTime":1555,"messageTime":729,"messageSize":1251,"response":"250 2.0.0 OK  1567542543 r18sm22344549wrx.36 - gsmtp","envelope":{"from":"ogbemudiatimothy@gmail.com","to":["ogbemudiatimothy@gmail.com"]},"messageId":"<cf0b82f6-6505-afa3-8e87-ee0c5f07c8f4@gmail.com>","level":"info","message":"","timestamp":"2019-09-03T20:29:04.274Z"}
{"level":"info","message":"listening on port 5000","timestamp":"2019-09-03T20:29:59.286Z"}
{"level":"info","message":"connected to  mongodb://localhost/camps","timestamp":"2019-09-03T20:30:00.346Z"}
{"level":"info","message":"listening on port 5000","timestamp":"2019-09-03T20:34:15.755Z"}
{"level":"info","message":"connected to  mongodb://localhost/camps","timestamp":"2019-09-03T20:34:16.863Z"}
